<?xml version="1.0" encoding="UTF-8"?>
<!-- Generated by org.testng.reporters.JUnitXMLReporter -->
<testsuite hostname="LAPTOP-KTH72RIV" ignored="0" name="Test salesforce" tests="3" failures="0" timestamp="2021-01-08T10:43:23 PST" time="24.717" errors="0">
  <testcase name="salesforce_TC4A" time="4.807" classname="com.qa.Salesforce.Selenium.SFDCtestNg"/>
  <testcase name="salesforce_TC5" time="4.375" classname="com.qa.Salesforce.Selenium.SFDCtestNg"/>
  <testcase name="salesforce_TC1" time="10.658" classname="com.qa.Salesforce.Selenium.SFDCtestNg"/>
</testsuite> <!-- Test salesforce -->
