<?xml version="1.0" encoding="UTF-8"?>
<!-- Generated by org.testng.reporters.JUnitXMLReporter -->
<testsuite hostname="LAPTOP-KTH72RIV" ignored="1" name="Test salesforce" tests="2" failures="2" timestamp="2021-01-04T13:07:08 PST" time="4.293" errors="0">
  <testcase name="salesforce_TC1" time="0.007" classname="com.qa.Salesforce.Selenium.SFDCtestNg">
    <failure type="java.lang.NullPointerException">
      <![CDATA[java.lang.NullPointerException
at com.qa.Salesforce.Selenium.SFDCtestNg.salesforce_TC1(SFDCtestNg.java:99)
at java.util.concurrent.ThreadPoolExecutor.runWorker(ThreadPoolExecutor.java:1149)
at java.util.concurrent.ThreadPoolExecutor$Worker.run(ThreadPoolExecutor.java:624)
at java.lang.Thread.run(Thread.java:748)
... Removed 12 stack frames]]>
    </failure>
  </testcase> <!-- salesforce_TC1 -->
  <testcase name="salesforce_TC5" time="4.268" classname="com.qa.Salesforce.Selenium.SFDCtestNg">
    <failure type="java.lang.NullPointerException">
      <![CDATA[java.lang.NullPointerException
at com.qa.Salesforce.Selenium.SFDCtestNg.salesforce_TC5(SFDCtestNg.java:76)
at java.util.concurrent.ThreadPoolExecutor.runWorker(ThreadPoolExecutor.java:1149)
at java.util.concurrent.ThreadPoolExecutor$Worker.run(ThreadPoolExecutor.java:624)
at java.lang.Thread.run(Thread.java:748)
... Removed 12 stack frames]]>
    </failure>
  </testcase> <!-- salesforce_TC5 -->
  <testcase name="salesforce_TC4A" time="0.0" classname="com.qa.Salesforce.Selenium.SFDCtestNg">
    <ignored/>
  </testcase> <!-- salesforce_TC4A -->
</testsuite> <!-- Test salesforce -->
