<?xml version="1.0" encoding="UTF-8"?>
<!-- Generated by org.testng.reporters.JUnitXMLReporter -->
<testsuite hostname="LAPTOP-KTH72RIV" ignored="1" name="Default test" tests="1" failures="0" timestamp="2021-01-08T11:38:35 PST" time="18.609" errors="0">
  <testcase name="click_on_cart" time="18.557" classname="com.qa.Tekarch.TestProject.Vegetable_chart"/>
  <testcase name="addTest" time="0.0" classname="com.qa.Tekarch.TestProject.Vegetable_chart">
    <ignored/>
  </testcase> <!-- addTest -->
</testsuite> <!-- Default test -->
