<?xml version="1.0" encoding="UTF-8"?>
<!-- Generated by org.testng.reporters.JUnitXMLReporter -->
<testsuite hostname="LAPTOP-KTH72RIV" ignored="0" name="Default test" tests="3" failures="0" timestamp="2021-01-05T14:58:39 PST" time="23.601" errors="0">
  <testcase name="salesforce_TC1" time="9.356" classname="com.qa.Salesforce.Selenium.SFDCtestNg"/>
  <testcase name="salesforce_TC4A" time="5.032" classname="com.qa.Salesforce.Selenium.SFDCtestNg"/>
  <testcase name="salesforce_TC5" time="4.138" classname="com.qa.Salesforce.Selenium.SFDCtestNg"/>
</testsuite> <!-- Default test -->
