<?xml version="1.0" encoding="UTF-8"?>
<testng-results skipped="0" failed="0" ignored="1" total="2" passed="1">
  <reporter-output>
  </reporter-output>
  <suite name="Default suite" duration-ms="18609" started-at="2021-01-08T11:38:16 PST" finished-at="2021-01-08T11:38:35 PST">
    <groups>
    </groups>
    <test name="Default test" duration-ms="18609" started-at="2021-01-08T11:38:16 PST" finished-at="2021-01-08T11:38:35 PST">
      <class name="com.qa.Tekarch.TestProject.Vegetable_chart">
        <test-method status="PASS" signature="InitializeDependencies()[pri:0, instance:com.qa.Tekarch.TestProject.Vegetable_chart@73d4cc9e]" name="InitializeDependencies" is-config="true" duration-ms="6409" started-at="2021-01-08T11:38:10 PST" finished-at="2021-01-08T11:38:16 PST">
          <reporter-output>
          </reporter-output>
        </test-method> <!-- InitializeDependencies -->
        <test-method status="PASS" signature="setup()[pri:0, instance:com.qa.Tekarch.TestProject.Vegetable_chart@73d4cc9e]" name="setup" is-config="true" duration-ms="25" started-at="2021-01-08T11:38:16 PST" finished-at="2021-01-08T11:38:16 PST">
          <reporter-output>
          </reporter-output>
        </test-method> <!-- setup -->
        <test-method status="PASS" signature="click_on_cart()[pri:0, instance:com.qa.Tekarch.TestProject.Vegetable_chart@73d4cc9e]" name="click_on_cart" duration-ms="18557" started-at="2021-01-08T11:38:16 PST" finished-at="2021-01-08T11:38:35 PST">
          <reporter-output>
          </reporter-output>
        </test-method> <!-- click_on_cart -->
        <test-method status="PASS" signature="ShuttingDownAllDependencies()[pri:0, instance:com.qa.Tekarch.TestProject.Vegetable_chart@73d4cc9e]" name="ShuttingDownAllDependencies" is-config="true" duration-ms="690" started-at="2021-01-08T11:38:35 PST" finished-at="2021-01-08T11:38:36 PST">
          <reporter-output>
          </reporter-output>
        </test-method> <!-- ShuttingDownAllDependencies -->
      </class> <!-- com.qa.Tekarch.TestProject.Vegetable_chart -->
    </test> <!-- Default test -->
  </suite> <!-- Default suite -->
</testng-results>
