<?xml version="1.0" encoding="UTF-8"?>
<!-- Generated by org.testng.reporters.JUnitXMLReporter -->
<testsuite hostname="LAPTOP-KTH72RIV" ignored="2" name="Test vegecart" tests="4" failures="0" timestamp="2021-01-08T11:22:37 PST" time="48.39" errors="0">
  <testcase name="click_on_cart" time="19.265" classname="com.qa.Tekarch.TestProject.Vegetable_chart"/>
  <testcase name="addTest" time="3.381" classname="com.qa.Tekarch.TestProject.Vegetable_chart"/>
  <testcase name="Navigate_To_Checkout" time="6.754" classname="com.qa.Tekarch.TestProject.CartCheckOutPage"/>
  <testcase name="CheckOut_To_paymentGateway" time="18.941" classname="com.qa.Tekarch.TestProject.CartCheckOutPage"/>
  <testcase name="@AfterSuite ShuttingDownAllDependencies" time="0.0" classname="com.qa.Tekarch.testProject.BaseClass.TestBase">
    <ignored/>
  </testcase> <!-- @AfterSuite ShuttingDownAllDependencies -->
  <testcase name="@BeforeSuite InitializeDependencies" time="0.0" classname="com.qa.Tekarch.testProject.BaseClass.TestBase">
    <ignored/>
  </testcase> <!-- @BeforeSuite InitializeDependencies -->
</testsuite> <!-- Test vegecart -->
